build/app/intermediates/manifest_merge_blame_file/debug/manifest-merger-blame-debug-report.txt
1<?xml version="1.0" encoding="utf-8"?>
2<manifest xmlns:android="http://schemas.android.com/apk/res/android"
3    package="com.example.whatsapp"
4    android:versionCode="1"
5    android:versionName="1.0.0" >
6
7    <uses-sdk
8        android:minSdkVersion="21"
9        android:targetSdkVersion="31" />
10    <!--
11         The INTERNET permission is required for development. Specifically,
12         the Flutter tool needs it to communicate with the running application
13         to allow setting breakpoints, to provide hot reload, etc.
14    -->
15    <uses-permission android:name="android.permission.INTERNET" />
15-->src/debug/AndroidManifest.xml:7:5-66
15-->src/debug/AndroidManifest.xml:7:22-64
16    <uses-permission android:name="android.permission.ACCESS_NETWORK_STATE" />
16-->[com.google.firebase:firebase-auth:21.1.0] AndroidManifest.xml:24:5-79
16-->[com.google.firebase:firebase-auth:21.1.0] AndroidManifest.xml:24:22-76
17    <uses-permission android:name="android.permission.WAKE_LOCK" />
17-->[com.google.android.gms:play-services-measurement-api:21.2.0] AndroidManifest.xml:24:5-68
17-->[com.google.android.gms:play-services-measurement-api:21.2.0] AndroidManifest.xml:24:22-65
18    <uses-permission android:name="com.google.android.gms.permission.AD_ID" />
18-->[com.google.android.gms:play-services-measurement-api:21.2.0] AndroidManifest.xml:25:5-79
18-->[com.google.android.gms:play-services-measurement-api:21.2.0] AndroidManifest.xml:25:22-76
19    <uses-permission android:name="com.google.android.finsky.permission.BIND_GET_INSTALL_REFERRER_SERVICE" /> <!-- Android package visibility setting -->
19-->[com.google.android.gms:play-services-measurement:21.2.0] AndroidManifest.xml:26:5-110
19-->[com.google.android.gms:play-services-measurement:21.2.0] AndroidManifest.xml:26:22-107
20    <queries>
20-->[com.google.android.gms:play-services-ads-lite:21.3.0] AndroidManifest.xml:28:5-44:15
21
22        <!-- For browser content -->
23        <intent>
23-->[com.google.android.gms:play-services-ads-lite:21.3.0] AndroidManifest.xml:31:9-37:18
24            <action android:name="android.intent.action.VIEW" />
24-->[com.google.firebase:firebase-auth:21.1.0] AndroidManifest.xml:34:17-69
24-->[com.google.firebase:firebase-auth:21.1.0] AndroidManifest.xml:34:25-66
25
26            <category android:name="android.intent.category.BROWSABLE" />
26-->[com.google.firebase:firebase-auth:21.1.0] AndroidManifest.xml:37:17-78
26-->[com.google.firebase:firebase-auth:21.1.0] AndroidManifest.xml:37:27-75
27
28            <data android:scheme="https" />
28-->[com.google.firebase:firebase-auth:21.1.0] AndroidManifest.xml:39:17-42:51
28-->[com.google.firebase:firebase-auth:21.1.0] AndroidManifest.xml:42:21-48
29        </intent>
30        <!-- End of browser content -->
31        <!-- For CustomTabsService -->
32        <intent>
32-->[com.google.android.gms:play-services-ads-lite:21.3.0] AndroidManifest.xml:40:9-42:18
33            <action android:name="android.support.customtabs.action.CustomTabsService" />
33-->[com.google.android.gms:play-services-ads-lite:21.3.0] AndroidManifest.xml:41:13-90
33-->[com.google.android.gms:play-services-ads-lite:21.3.0] AndroidManifest.xml:41:21-87
34        </intent>
35        <!-- End of CustomTabsService -->
36    </queries>
37
38    <uses-permission android:name="android.permission.RECEIVE_BOOT_COMPLETED" />
38-->[androidx.work:work-runtime:2.7.0] AndroidManifest.xml:27:5-81
38-->[androidx.work:work-runtime:2.7.0] AndroidManifest.xml:27:22-78
39    <uses-permission android:name="android.permission.FOREGROUND_SERVICE" />
39-->[androidx.work:work-runtime:2.7.0] AndroidManifest.xml:28:5-77
39-->[androidx.work:work-runtime:2.7.0] AndroidManifest.xml:28:22-74
40
41    <application
42        android:name="android.app.Application"
43        android:appComponentFactory="androidx.core.app.CoreComponentFactory"
43-->[androidx.core:core:1.6.0] AndroidManifest.xml:24:18-86
44        android:debuggable="true"
45        android:icon="@mipmap/ic_launcher"
46        android:label="whatsapp" >
47        <activity
48            android:name="com.example.whatsapp.MainActivity"
49            android:configChanges="orientation|keyboardHidden|keyboard|screenSize|smallestScreenSize|locale|layoutDirection|fontScale|screenLayout|density|uiMode"
50            android:exported="true"
51            android:hardwareAccelerated="true"
52            android:launchMode="singleTop"
53            android:theme="@style/LaunchTheme"
54            android:windowSoftInputMode="adjustResize" >
55
56            <!--
57                 Specifies an Android theme to apply to this Activity as soon as
58                 the Android process has started. This theme is visible to the user
59                 while the Flutter UI initializes. After that, this theme continues
60                 to determine the Window background behind the Flutter UI.
61            -->
62            <meta-data
63                android:name="io.flutter.embedding.android.NormalTheme"
64                android:resource="@style/NormalTheme" />
65
66            <intent-filter>
67                <action android:name="android.intent.action.MAIN" />
68
69                <category android:name="android.intent.category.LAUNCHER" />
70            </intent-filter>
71        </activity>
72        <!--
73             Don't delete the meta-data below.
74             This is used by the Flutter tool to generate GeneratedPluginRegistrant.java
75        -->
76        <meta-data
77            android:name="flutterEmbedding"
78            android:value="2" />
79        <meta-data
80            android:name="com.google.android.gms.ads.APPLICATION_ID"
81            android:value="ca-app-pub-6256601730372840~3261626617" />
82            android:value="ca-app-pub-6256601730372840~7923776412"/>
83        <service
83-->[:firebase_auth] AndroidManifest.xml:10:9-14:19
84            android:name="com.google.firebase.components.ComponentDiscoveryService"
84-->[:firebase_auth] AndroidManifest.xml:10:18-89
85            android:directBootAware="true"
85-->[com.google.firebase:firebase-common:20.2.0] AndroidManifest.xml:34:13-43
86            android:exported="false" >
86-->[com.google.firebase:firebase-analytics-ktx:21.2.0] AndroidManifest.xml:10:13-37
87            <meta-data
87-->[:firebase_auth] AndroidManifest.xml:11:13-13:85
88                android:name="com.google.firebase.components:io.flutter.plugins.firebase.auth.FlutterFirebaseAuthRegistrar"
88-->[:firebase_auth] AndroidManifest.xml:12:17-124
89                android:value="com.google.firebase.components.ComponentRegistrar" />
89-->[:firebase_auth] AndroidManifest.xml:13:17-82
90            <meta-data
90-->[:firebase_core] AndroidManifest.xml:11:13-13:85
91                android:name="com.google.firebase.components:io.flutter.plugins.firebase.core.FlutterFirebaseCoreRegistrar"
91-->[:firebase_core] AndroidManifest.xml:12:17-124
92                android:value="com.google.firebase.components.ComponentRegistrar" />
92-->[:firebase_core] AndroidManifest.xml:13:17-82
93            <meta-data
93-->[com.google.firebase:firebase-analytics-ktx:21.2.0] AndroidManifest.xml:11:13-13:85
94                android:name="com.google.firebase.components:com.google.firebase.analytics.ktx.FirebaseAnalyticsKtxRegistrar"
94-->[com.google.firebase:firebase-analytics-ktx:21.2.0] AndroidManifest.xml:12:17-126
95                android:value="com.google.firebase.components.ComponentRegistrar" />
95-->[com.google.firebase:firebase-analytics-ktx:21.2.0] AndroidManifest.xml:13:17-82
96            <meta-data
96-->[com.google.firebase:firebase-common-ktx:20.2.0] AndroidManifest.xml:14:13-16:85
97                android:name="com.google.firebase.components:com.google.firebase.ktx.FirebaseCommonKtxRegistrar"
97-->[com.google.firebase:firebase-common-ktx:20.2.0] AndroidManifest.xml:15:17-113
98                android:value="com.google.firebase.components.ComponentRegistrar" />
98-->[com.google.firebase:firebase-common-ktx:20.2.0] AndroidManifest.xml:16:17-82
99            <meta-data
99-->[com.google.firebase:firebase-auth:21.1.0] AndroidManifest.xml:67:13-69:85
100                android:name="com.google.firebase.components:com.google.firebase.auth.FirebaseAuthRegistrar"
100-->[com.google.firebase:firebase-auth:21.1.0] AndroidManifest.xml:68:17-109
101                android:value="com.google.firebase.components.ComponentRegistrar" />
101-->[com.google.firebase:firebase-auth:21.1.0] AndroidManifest.xml:69:17-82
102            <meta-data
102-->[com.google.android.gms:play-services-measurement-api:21.2.0] AndroidManifest.xml:31:13-33:85
103                android:name="com.google.firebase.components:com.google.firebase.analytics.connector.internal.AnalyticsConnectorRegistrar"
103-->[com.google.android.gms:play-services-measurement-api:21.2.0] AndroidManifest.xml:32:17-139
104                android:value="com.google.firebase.components.ComponentRegistrar" />
104-->[com.google.android.gms:play-services-measurement-api:21.2.0] AndroidManifest.xml:33:17-82
105            <meta-data
105-->[com.google.firebase:firebase-installations:17.1.0] AndroidManifest.xml:17:13-19:85
106                android:name="com.google.firebase.components:com.google.firebase.installations.FirebaseInstallationsRegistrar"
106-->[com.google.firebase:firebase-installations:17.1.0] AndroidManifest.xml:18:17-127
107                android:value="com.google.firebase.components.ComponentRegistrar" />
107-->[com.google.firebase:firebase-installations:17.1.0] AndroidManifest.xml:19:17-82
108        </service>
109
110        <meta-data
110-->[:google_mobile_ads] AndroidManifest.xml:12:9-14:36
111            android:name="io.flutter.embedded_views_preview"
111-->[:google_mobile_ads] AndroidManifest.xml:13:13-61
112            android:value="true" />
112-->[:google_mobile_ads] AndroidManifest.xml:14:13-33
113
114        <uses-library
114-->[androidx.window:window:1.0.0-beta04] AndroidManifest.xml:25:9-27:40
115            android:name="androidx.window.extensions"
115-->[androidx.window:window:1.0.0-beta04] AndroidManifest.xml:26:13-54
116            android:required="false" />
116-->[androidx.window:window:1.0.0-beta04] AndroidManifest.xml:27:13-37
117        <uses-library
117-->[androidx.window:window:1.0.0-beta04] AndroidManifest.xml:28:9-30:40
118            android:name="androidx.window.sidecar"
118-->[androidx.window:window:1.0.0-beta04] AndroidManifest.xml:29:13-51
119            android:required="false" />
119-->[androidx.window:window:1.0.0-beta04] AndroidManifest.xml:30:13-37
120
121        <activity
121-->[com.google.firebase:firebase-auth:21.1.0] AndroidManifest.xml:27:9-44:20
122            android:name="com.google.firebase.auth.internal.GenericIdpActivity"
122-->[com.google.firebase:firebase-auth:21.1.0] AndroidManifest.xml:28:13-80
123            android:excludeFromRecents="true"
123-->[com.google.firebase:firebase-auth:21.1.0] AndroidManifest.xml:29:13-46
124            android:exported="true"
124-->[com.google.firebase:firebase-auth:21.1.0] AndroidManifest.xml:30:13-36
125            android:launchMode="singleTask"
125-->[com.google.firebase:firebase-auth:21.1.0] AndroidManifest.xml:31:13-44
126            android:theme="@android:style/Theme.Translucent.NoTitleBar" >
126-->[com.google.firebase:firebase-auth:21.1.0] AndroidManifest.xml:32:13-72
127            <intent-filter>
127-->[com.google.firebase:firebase-auth:21.1.0] AndroidManifest.xml:33:13-43:29
128                <action android:name="android.intent.action.VIEW" />
128-->[com.google.firebase:firebase-auth:21.1.0] AndroidManifest.xml:34:17-69
128-->[com.google.firebase:firebase-auth:21.1.0] AndroidManifest.xml:34:25-66
129
130                <category android:name="android.intent.category.DEFAULT" />
130-->[com.google.firebase:firebase-auth:21.1.0] AndroidManifest.xml:36:17-76
130-->[com.google.firebase:firebase-auth:21.1.0] AndroidManifest.xml:36:27-73
131                <category android:name="android.intent.category.BROWSABLE" />
131-->[com.google.firebase:firebase-auth:21.1.0] AndroidManifest.xml:37:17-78
131-->[com.google.firebase:firebase-auth:21.1.0] AndroidManifest.xml:37:27-75
132
133                <data
133-->[com.google.firebase:firebase-auth:21.1.0] AndroidManifest.xml:39:17-42:51
134                    android:host="firebase.auth"
134-->[com.google.firebase:firebase-auth:21.1.0] AndroidManifest.xml:40:21-49
135                    android:path="/"
135-->[com.google.firebase:firebase-auth:21.1.0] AndroidManifest.xml:41:21-37
136                    android:scheme="genericidp" />
136-->[com.google.firebase:firebase-auth:21.1.0] AndroidManifest.xml:42:21-48
137            </intent-filter>
138        </activity>
139        <activity
139-->[com.google.firebase:firebase-auth:21.1.0] AndroidManifest.xml:45:9-62:20
140            android:name="com.google.firebase.auth.internal.RecaptchaActivity"
140-->[com.google.firebase:firebase-auth:21.1.0] AndroidManifest.xml:46:13-79
141            android:excludeFromRecents="true"
141-->[com.google.firebase:firebase-auth:21.1.0] AndroidManifest.xml:47:13-46
142            android:exported="true"
142-->[com.google.firebase:firebase-auth:21.1.0] AndroidManifest.xml:48:13-36
143            android:launchMode="singleTask"
143-->[com.google.firebase:firebase-auth:21.1.0] AndroidManifest.xml:49:13-44
144            android:theme="@android:style/Theme.Translucent.NoTitleBar" >
144-->[com.google.firebase:firebase-auth:21.1.0] AndroidManifest.xml:50:13-72
145            <intent-filter>
145-->[com.google.firebase:firebase-auth:21.1.0] AndroidManifest.xml:51:13-61:29
146                <action android:name="android.intent.action.VIEW" />
146-->[com.google.firebase:firebase-auth:21.1.0] AndroidManifest.xml:34:17-69
146-->[com.google.firebase:firebase-auth:21.1.0] AndroidManifest.xml:34:25-66
147
148                <category android:name="android.intent.category.DEFAULT" />
148-->[com.google.firebase:firebase-auth:21.1.0] AndroidManifest.xml:36:17-76
148-->[com.google.firebase:firebase-auth:21.1.0] AndroidManifest.xml:36:27-73
149                <category android:name="android.intent.category.BROWSABLE" />
149-->[com.google.firebase:firebase-auth:21.1.0] AndroidManifest.xml:37:17-78
149-->[com.google.firebase:firebase-auth:21.1.0] AndroidManifest.xml:37:27-75
150
151                <data
151-->[com.google.firebase:firebase-auth:21.1.0] AndroidManifest.xml:39:17-42:51
152                    android:host="firebase.auth"
152-->[com.google.firebase:firebase-auth:21.1.0] AndroidManifest.xml:40:21-49
153                    android:path="/"
153-->[com.google.firebase:firebase-auth:21.1.0] AndroidManifest.xml:41:21-37
154                    android:scheme="recaptcha" />
154-->[com.google.firebase:firebase-auth:21.1.0] AndroidManifest.xml:42:21-48
155            </intent-filter>
156        </activity>
157
158        <provider
158-->[com.google.firebase:firebase-common:20.2.0] AndroidManifest.xml:25:9-30:39
159            android:name="com.google.firebase.provider.FirebaseInitProvider"
159-->[com.google.firebase:firebase-common:20.2.0] AndroidManifest.xml:26:13-77
160            android:authorities="com.example.whatsapp.firebaseinitprovider"
160-->[com.google.firebase:firebase-common:20.2.0] AndroidManifest.xml:27:13-72
161            android:directBootAware="true"
161-->[com.google.firebase:firebase-common:20.2.0] AndroidManifest.xml:28:13-43
162            android:exported="false"
162-->[com.google.firebase:firebase-common:20.2.0] AndroidManifest.xml:29:13-37
163            android:initOrder="100" />
163-->[com.google.firebase:firebase-common:20.2.0] AndroidManifest.xml:30:13-36
164
165        <receiver
165-->[com.google.android.gms:play-services-measurement:21.2.0] AndroidManifest.xml:29:9-33:20
166            android:name="com.google.android.gms.measurement.AppMeasurementReceiver"
166-->[com.google.android.gms:play-services-measurement:21.2.0] AndroidManifest.xml:30:13-85
167            android:enabled="true"
167-->[com.google.android.gms:play-services-measurement:21.2.0] AndroidManifest.xml:31:13-35
168            android:exported="false" >
168-->[com.google.android.gms:play-services-measurement:21.2.0] AndroidManifest.xml:32:13-37
169        </receiver>
170
171        <service
171-->[com.google.android.gms:play-services-measurement:21.2.0] AndroidManifest.xml:35:9-38:40
172            android:name="com.google.android.gms.measurement.AppMeasurementService"
172-->[com.google.android.gms:play-services-measurement:21.2.0] AndroidManifest.xml:36:13-84
173            android:enabled="true"
173-->[com.google.android.gms:play-services-measurement:21.2.0] AndroidManifest.xml:37:13-35
174            android:exported="false" />
174-->[com.google.android.gms:play-services-measurement:21.2.0] AndroidManifest.xml:38:13-37
175        <service
175-->[com.google.android.gms:play-services-measurement:21.2.0] AndroidManifest.xml:39:9-43:72
176            android:name="com.google.android.gms.measurement.AppMeasurementJobService"
176-->[com.google.android.gms:play-services-measurement:21.2.0] AndroidManifest.xml:40:13-87
177            android:enabled="true"
177-->[com.google.android.gms:play-services-measurement:21.2.0] AndroidManifest.xml:41:13-35
178            android:exported="false"
178-->[com.google.android.gms:play-services-measurement:21.2.0] AndroidManifest.xml:42:13-37
179            android:permission="android.permission.BIND_JOB_SERVICE" />
179-->[com.google.android.gms:play-services-measurement:21.2.0] AndroidManifest.xml:43:13-69
180
181        <activity
181-->[com.google.android.gms:play-services-base:18.0.0] AndroidManifest.xml:20:9-22:45
182            android:name="com.google.android.gms.common.api.GoogleApiActivity"
182-->[com.google.android.gms:play-services-base:18.0.0] AndroidManifest.xml:20:19-85
183            android:exported="false"
183-->[com.google.android.gms:play-services-base:18.0.0] AndroidManifest.xml:22:19-43
184            android:theme="@android:style/Theme.Translucent.NoTitleBar" /> <!-- Include the AdActivity and InAppPurchaseActivity configChanges and themes. -->
184-->[com.google.android.gms:play-services-base:18.0.0] AndroidManifest.xml:21:19-78
185        <activity
185-->[com.google.android.gms:play-services-ads-lite:21.3.0] AndroidManifest.xml:49:9-53:64
186            android:name="com.google.android.gms.ads.AdActivity"
186-->[com.google.android.gms:play-services-ads-lite:21.3.0] AndroidManifest.xml:50:13-65
187            android:configChanges="keyboard|keyboardHidden|orientation|screenLayout|uiMode|screenSize|smallestScreenSize"
187-->[com.google.android.gms:play-services-ads-lite:21.3.0] AndroidManifest.xml:51:13-122
188            android:exported="false"
188-->[com.google.android.gms:play-services-ads-lite:21.3.0] AndroidManifest.xml:52:13-37
189            android:theme="@android:style/Theme.Translucent" />
189-->[com.google.android.gms:play-services-ads-lite:21.3.0] AndroidManifest.xml:53:13-61
190
191        <provider
191-->[com.google.android.gms:play-services-ads-lite:21.3.0] AndroidManifest.xml:55:9-59:39
192            android:name="com.google.android.gms.ads.MobileAdsInitProvider"
192-->[com.google.android.gms:play-services-ads-lite:21.3.0] AndroidManifest.xml:56:13-76
193            android:authorities="com.example.whatsapp.mobileadsinitprovider"
193-->[com.google.android.gms:play-services-ads-lite:21.3.0] AndroidManifest.xml:57:13-73
194            android:exported="false"
194-->[com.google.android.gms:play-services-ads-lite:21.3.0] AndroidManifest.xml:58:13-37
195            android:initOrder="100" />
195-->[com.google.android.gms:play-services-ads-lite:21.3.0] AndroidManifest.xml:59:13-36
196
197        <service
197-->[com.google.android.gms:play-services-ads-lite:21.3.0] AndroidManifest.xml:61:9-64:40
198            android:name="com.google.android.gms.ads.AdService"
198-->[com.google.android.gms:play-services-ads-lite:21.3.0] AndroidManifest.xml:62:13-64
199            android:enabled="true"
199-->[com.google.android.gms:play-services-ads-lite:21.3.0] AndroidManifest.xml:63:13-35
200            android:exported="false" />
200-->[com.google.android.gms:play-services-ads-lite:21.3.0] AndroidManifest.xml:64:13-37
201
202        <meta-data
202-->[com.google.android.gms:play-services-basement:18.1.0] AndroidManifest.xml:21:9-23:69
203            android:name="com.google.android.gms.version"
203-->[com.google.android.gms:play-services-basement:18.1.0] AndroidManifest.xml:22:13-58
204            android:value="@integer/google_play_services_version" />
204-->[com.google.android.gms:play-services-basement:18.1.0] AndroidManifest.xml:23:13-66
205
206        <provider
206-->[androidx.lifecycle:lifecycle-process:2.2.0] AndroidManifest.xml:25:9-29:43
207            android:name="androidx.lifecycle.ProcessLifecycleOwnerInitializer"
207-->[androidx.lifecycle:lifecycle-process:2.2.0] AndroidManifest.xml:26:13-79
208            android:authorities="com.example.whatsapp.lifecycle-process"
208-->[androidx.lifecycle:lifecycle-process:2.2.0] AndroidManifest.xml:27:13-69
209            android:exported="false"
209-->[androidx.lifecycle:lifecycle-process:2.2.0] AndroidManifest.xml:28:13-37
210            android:multiprocess="true" />
210-->[androidx.lifecycle:lifecycle-process:2.2.0] AndroidManifest.xml:29:13-40
211        <provider
211-->[androidx.work:work-runtime:2.7.0] AndroidManifest.xml:31:9-39:20
212            android:name="androidx.startup.InitializationProvider"
212-->[androidx.work:work-runtime:2.7.0] AndroidManifest.xml:32:13-67
213            android:authorities="com.example.whatsapp.androidx-startup"
213-->[androidx.work:work-runtime:2.7.0] AndroidManifest.xml:33:13-68
214            android:exported="false" >
214-->[androidx.work:work-runtime:2.7.0] AndroidManifest.xml:34:13-37
215            <meta-data
215-->[androidx.work:work-runtime:2.7.0] AndroidManifest.xml:36:13-38:52
216                android:name="androidx.work.WorkManagerInitializer"
216-->[androidx.work:work-runtime:2.7.0] AndroidManifest.xml:37:17-68
217                android:value="androidx.startup" />
217-->[androidx.work:work-runtime:2.7.0] AndroidManifest.xml:38:17-49
218        </provider>
219
220        <service
220-->[androidx.work:work-runtime:2.7.0] AndroidManifest.xml:41:9-46:35
221            android:name="androidx.work.impl.background.systemalarm.SystemAlarmService"
221-->[androidx.work:work-runtime:2.7.0] AndroidManifest.xml:42:13-88
222            android:directBootAware="false"
222-->[androidx.work:work-runtime:2.7.0] AndroidManifest.xml:43:13-44
223            android:enabled="@bool/enable_system_alarm_service_default"
223-->[androidx.work:work-runtime:2.7.0] AndroidManifest.xml:44:13-72
224            android:exported="false" />
224-->[androidx.work:work-runtime:2.7.0] AndroidManifest.xml:45:13-37
225        <service
225-->[androidx.work:work-runtime:2.7.0] AndroidManifest.xml:47:9-53:35
226            android:name="androidx.work.impl.background.systemjob.SystemJobService"
226-->[androidx.work:work-runtime:2.7.0] AndroidManifest.xml:48:13-84
227            android:directBootAware="false"
227-->[androidx.work:work-runtime:2.7.0] AndroidManifest.xml:49:13-44
228            android:enabled="@bool/enable_system_job_service_default"
228-->[androidx.work:work-runtime:2.7.0] AndroidManifest.xml:50:13-70
229            android:exported="true"
229-->[androidx.work:work-runtime:2.7.0] AndroidManifest.xml:51:13-36
230            android:permission="android.permission.BIND_JOB_SERVICE" />
230-->[androidx.work:work-runtime:2.7.0] AndroidManifest.xml:52:13-69
231        <service
231-->[androidx.work:work-runtime:2.7.0] AndroidManifest.xml:54:9-59:35
232            android:name="androidx.work.impl.foreground.SystemForegroundService"
232-->[androidx.work:work-runtime:2.7.0] AndroidManifest.xml:55:13-81
233            android:directBootAware="false"
233-->[androidx.work:work-runtime:2.7.0] AndroidManifest.xml:56:13-44
234            android:enabled="@bool/enable_system_foreground_service_default"
234-->[androidx.work:work-runtime:2.7.0] AndroidManifest.xml:57:13-77
235            android:exported="false" />
235-->[androidx.work:work-runtime:2.7.0] AndroidManifest.xml:58:13-37
236
237        <receiver
237-->[androidx.work:work-runtime:2.7.0] AndroidManifest.xml:61:9-66:35
238            android:name="androidx.work.impl.utils.ForceStopRunnable$BroadcastReceiver"
238-->[androidx.work:work-runtime:2.7.0] AndroidManifest.xml:62:13-88
239            android:directBootAware="false"
239-->[androidx.work:work-runtime:2.7.0] AndroidManifest.xml:63:13-44
240            android:enabled="true"
240-->[androidx.work:work-runtime:2.7.0] AndroidManifest.xml:64:13-35
241            android:exported="false" />
241-->[androidx.work:work-runtime:2.7.0] AndroidManifest.xml:65:13-37
242        <receiver
242-->[androidx.work:work-runtime:2.7.0] AndroidManifest.xml:67:9-77:20
243            android:name="androidx.work.impl.background.systemalarm.ConstraintProxy$BatteryChargingProxy"
243-->[androidx.work:work-runtime:2.7.0] AndroidManifest.xml:68:13-106
244            android:directBootAware="false"
244-->[androidx.work:work-runtime:2.7.0] AndroidManifest.xml:69:13-44
245            android:enabled="false"
245-->[androidx.work:work-runtime:2.7.0] AndroidManifest.xml:70:13-36
246            android:exported="false" >
246-->[androidx.work:work-runtime:2.7.0] AndroidManifest.xml:71:13-37
247            <intent-filter>
247-->[androidx.work:work-runtime:2.7.0] AndroidManifest.xml:73:13-76:29
248                <action android:name="android.intent.action.ACTION_POWER_CONNECTED" />
248-->[androidx.work:work-runtime:2.7.0] AndroidManifest.xml:74:17-87
248-->[androidx.work:work-runtime:2.7.0] AndroidManifest.xml:74:25-84
249                <action android:name="android.intent.action.ACTION_POWER_DISCONNECTED" />
249-->[androidx.work:work-runtime:2.7.0] AndroidManifest.xml:75:17-90
249-->[androidx.work:work-runtime:2.7.0] AndroidManifest.xml:75:25-87
250            </intent-filter>
251        </receiver>
252        <receiver
252-->[androidx.work:work-runtime:2.7.0] AndroidManifest.xml:78:9-88:20
253            android:name="androidx.work.impl.background.systemalarm.ConstraintProxy$BatteryNotLowProxy"
253-->[androidx.work:work-runtime:2.7.0] AndroidManifest.xml:79:13-104
254            android:directBootAware="false"
254-->[androidx.work:work-runtime:2.7.0] AndroidManifest.xml:80:13-44
255            android:enabled="false"
255-->[androidx.work:work-runtime:2.7.0] AndroidManifest.xml:81:13-36
256            android:exported="false" >
256-->[androidx.work:work-runtime:2.7.0] AndroidManifest.xml:82:13-37
257            <intent-filter>
257-->[androidx.work:work-runtime:2.7.0] AndroidManifest.xml:84:13-87:29
258                <action android:name="android.intent.action.BATTERY_OKAY" />
258-->[androidx.work:work-runtime:2.7.0] AndroidManifest.xml:85:17-77
258-->[androidx.work:work-runtime:2.7.0] AndroidManifest.xml:85:25-74
259                <action android:name="android.intent.action.BATTERY_LOW" />
259-->[androidx.work:work-runtime:2.7.0] AndroidManifest.xml:86:17-76
259-->[androidx.work:work-runtime:2.7.0] AndroidManifest.xml:86:25-73
260            </intent-filter>
261        </receiver>
262        <receiver
262-->[androidx.work:work-runtime:2.7.0] AndroidManifest.xml:89:9-99:20
263            android:name="androidx.work.impl.background.systemalarm.ConstraintProxy$StorageNotLowProxy"
263-->[androidx.work:work-runtime:2.7.0] AndroidManifest.xml:90:13-104
264            android:directBootAware="false"
264-->[androidx.work:work-runtime:2.7.0] AndroidManifest.xml:91:13-44
265            android:enabled="false"
265-->[androidx.work:work-runtime:2.7.0] AndroidManifest.xml:92:13-36
266            android:exported="false" >
266-->[androidx.work:work-runtime:2.7.0] AndroidManifest.xml:93:13-37
267            <intent-filter>
267-->[androidx.work:work-runtime:2.7.0] AndroidManifest.xml:95:13-98:29
268                <action android:name="android.intent.action.DEVICE_STORAGE_LOW" />
268-->[androidx.work:work-runtime:2.7.0] AndroidManifest.xml:96:17-83
268-->[androidx.work:work-runtime:2.7.0] AndroidManifest.xml:96:25-80
269                <action android:name="android.intent.action.DEVICE_STORAGE_OK" />
269-->[androidx.work:work-runtime:2.7.0] AndroidManifest.xml:97:17-82
269-->[androidx.work:work-runtime:2.7.0] AndroidManifest.xml:97:25-79
270            </intent-filter>
271        </receiver>
272        <receiver
272-->[androidx.work:work-runtime:2.7.0] AndroidManifest.xml:100:9-109:20
273            android:name="androidx.work.impl.background.systemalarm.ConstraintProxy$NetworkStateProxy"
273-->[androidx.work:work-runtime:2.7.0] AndroidManifest.xml:101:13-103
274            android:directBootAware="false"
274-->[androidx.work:work-runtime:2.7.0] AndroidManifest.xml:102:13-44
275            android:enabled="false"
275-->[androidx.work:work-runtime:2.7.0] AndroidManifest.xml:103:13-36
276            android:exported="false" >
276-->[androidx.work:work-runtime:2.7.0] AndroidManifest.xml:104:13-37
277            <intent-filter>
277-->[androidx.work:work-runtime:2.7.0] AndroidManifest.xml:106:13-108:29
278                <action android:name="android.net.conn.CONNECTIVITY_CHANGE" />
278-->[androidx.work:work-runtime:2.7.0] AndroidManifest.xml:107:17-79
278-->[androidx.work:work-runtime:2.7.0] AndroidManifest.xml:107:25-76
279            </intent-filter>
280        </receiver>
281        <receiver
281-->[androidx.work:work-runtime:2.7.0] AndroidManifest.xml:110:9-121:20
282            android:name="androidx.work.impl.background.systemalarm.RescheduleReceiver"
282-->[androidx.work:work-runtime:2.7.0] AndroidManifest.xml:111:13-88
283            android:directBootAware="false"
283-->[androidx.work:work-runtime:2.7.0] AndroidManifest.xml:112:13-44
284            android:enabled="false"
284-->[androidx.work:work-runtime:2.7.0] AndroidManifest.xml:113:13-36